C:\USERS\ADMINISTRATOR\DOCUMENTS\VISUAL STUDIO 2012\PROJECTS\CONSOLEAPPLICATION3\CONSOLEAPPLICATION3\DEBUG\CONSOLEAPPLICATION3.PCH
C:\USERS\ADMINISTRATOR\DOCUMENTS\VISUAL STUDIO 2012\PROJECTS\CONSOLEAPPLICATION3\CONSOLEAPPLICATION3\DEBUG\STDAFX.OBJ
C:\USERS\ADMINISTRATOR\DOCUMENTS\VISUAL STUDIO 2012\PROJECTS\CONSOLEAPPLICATION3\CONSOLEAPPLICATION3\DEBUG\VC110.PDB
C:\USERS\ADMINISTRATOR\DOCUMENTS\VISUAL STUDIO 2012\PROJECTS\CONSOLEAPPLICATION3\CONSOLEAPPLICATION3\DEBUG\CONSOLEAPPLICATION3.OBJ
C:\USERS\ADMINISTRATOR\DOCUMENTS\VISUAL STUDIO 2012\PROJECTS\CONSOLEAPPLICATION3\DEBUG\CONSOLEAPPLICATION3.ILK
C:\USERS\ADMINISTRATOR\DOCUMENTS\VISUAL STUDIO 2012\PROJECTS\CONSOLEAPPLICATION3\DEBUG\CONSOLEAPPLICATION3.EXE
C:\USERS\ADMINISTRATOR\DOCUMENTS\VISUAL STUDIO 2012\PROJECTS\CONSOLEAPPLICATION3\DEBUG\CONSOLEAPPLICATION3.PDB
c:\Users\administrator\documents\visual studio 2012\Projects\ConsoleApplication3\ConsoleApplication3\Debug\ConsoleApplication3.obj
c:\Users\administrator\documents\visual studio 2012\Projects\ConsoleApplication3\ConsoleApplication3\Debug\stdafx.obj
c:\Users\administrator\documents\visual studio 2012\Projects\ConsoleApplication3\ConsoleApplication3\Debug\cl.command.1.tlog
c:\Users\administrator\documents\visual studio 2012\Projects\ConsoleApplication3\ConsoleApplication3\Debug\CL.read.1.tlog
c:\Users\administrator\documents\visual studio 2012\Projects\ConsoleApplication3\ConsoleApplication3\Debug\CL.write.1.tlog
c:\Users\administrator\documents\visual studio 2012\Projects\ConsoleApplication3\ConsoleApplication3\Debug\link-cvtres.read.1.tlog
c:\Users\administrator\documents\visual studio 2012\Projects\ConsoleApplication3\ConsoleApplication3\Debug\link-cvtres.write.1.tlog
c:\Users\administrator\documents\visual studio 2012\Projects\ConsoleApplication3\ConsoleApplication3\Debug\link-rc.read.1.tlog
c:\Users\administrator\documents\visual studio 2012\Projects\ConsoleApplication3\ConsoleApplication3\Debug\link-rc.write.1.tlog
c:\Users\administrator\documents\visual studio 2012\Projects\ConsoleApplication3\ConsoleApplication3\Debug\link.3112-cvtres.read.1.tlog
c:\Users\administrator\documents\visual studio 2012\Projects\ConsoleApplication3\ConsoleApplication3\Debug\link.3112-cvtres.write.1.tlog
c:\Users\administrator\documents\visual studio 2012\Projects\ConsoleApplication3\ConsoleApplication3\Debug\link.3112-rc.read.1.tlog
c:\Users\administrator\documents\visual studio 2012\Projects\ConsoleApplication3\ConsoleApplication3\Debug\link.3112-rc.write.1.tlog
c:\Users\administrator\documents\visual studio 2012\Projects\ConsoleApplication3\ConsoleApplication3\Debug\link.3112.read.1.tlog
c:\Users\administrator\documents\visual studio 2012\Projects\ConsoleApplication3\ConsoleApplication3\Debug\link.3112.write.1.tlog
c:\Users\administrator\documents\visual studio 2012\Projects\ConsoleApplication3\ConsoleApplication3\Debug\link.6132-cvtres.read.1.tlog
c:\Users\administrator\documents\visual studio 2012\Projects\ConsoleApplication3\ConsoleApplication3\Debug\link.6132-cvtres.write.1.tlog
c:\Users\administrator\documents\visual studio 2012\Projects\ConsoleApplication3\ConsoleApplication3\Debug\link.6132-rc.read.1.tlog
c:\Users\administrator\documents\visual studio 2012\Projects\ConsoleApplication3\ConsoleApplication3\Debug\link.6132-rc.write.1.tlog
c:\Users\administrator\documents\visual studio 2012\Projects\ConsoleApplication3\ConsoleApplication3\Debug\link.6132.read.1.tlog
c:\Users\administrator\documents\visual studio 2012\Projects\ConsoleApplication3\ConsoleApplication3\Debug\link.6132.write.1.tlog
c:\Users\administrator\documents\visual studio 2012\Projects\ConsoleApplication3\ConsoleApplication3\Debug\link.command.1.tlog
c:\Users\administrator\documents\visual studio 2012\Projects\ConsoleApplication3\ConsoleApplication3\Debug\link.read.1.tlog
c:\Users\administrator\documents\visual studio 2012\Projects\ConsoleApplication3\ConsoleApplication3\Debug\link.write.1.tlog
c:\Users\administrator\documents\visual studio 2012\Projects\ConsoleApplication3\ConsoleApplication3\Debug\ConsoleApplication3.pch
c:\Users\administrator\documents\visual studio 2012\Projects\ConsoleApplication3\ConsoleApplication3\Debug\vc110.idb
c:\Users\administrator\documents\visual studio 2012\Projects\ConsoleApplication3\ConsoleApplication3\Debug\vc110.pdb
c:\users\administrator\documents\visual studio 2012\Projects\ConsoleApplication3\Debug\ConsoleApplication3.pdb
c:\users\administrator\documents\visual studio 2012\Projects\ConsoleApplication3\Debug\ConsoleApplication3.exe
c:\users\administrator\documents\visual studio 2012\Projects\ConsoleApplication3\Debug\ConsoleApplication3.ilk
