生成启动时间为 2016/12/28 22:09:41。
     1>项目“G:\flipcode\flipcode\raytracer.vcxproj”在节点 2 上(Build 个目标)。
       项目文件包含 ToolsVersion="14.0" 设置，但此工具集未知或缺失。您可以通过为此工具集安装相应的 .NET Framework 来解决此问题。将项目视为具有 ToolsVersion="4.0" 设置。
     1>ClCompile:
         G:\VS2012\VC\bin\CL.exe /c /Z7 /nologo /W3 /WX- /Od /Ob1 /Oy- /D WIN32 /D NDEBUG /D _WINDOWS /D _VC80_UPGRADE=0x0600 /D _MBCS /GF /Gm- /EHsc /MT /Zp16 /GS /Gy /fp:precise /Zc:wchar_t /Zc:forScope /Fo".\Release\\" /Fd".\Release\vc110.pdb" /FR".\Release\\" /Gd /TP /analyze- /errorReport:prompt raytracer.cpp
         raytracer.cpp
     1>raytracer.cpp(503): warning C4996: 'fopen': This function or variable may be unsafe. Consider using fopen_s instead. To disable deprecation, use _CRT_SECURE_NO_WARNINGS. See online help for details.
                 G:\VS2012\VC\include\stdio.h(218) : 参见“fopen”的声明
     1>raytracer.cpp(504): warning C4996: 'fopen': This function or variable may be unsafe. Consider using fopen_s instead. To disable deprecation, use _CRT_SECURE_NO_WARNINGS. See online help for details.
                 G:\VS2012\VC\include\stdio.h(218) : 参见“fopen”的声明
     1>raytracer.cpp(505): warning C4996: 'fopen': This function or variable may be unsafe. Consider using fopen_s instead. To disable deprecation, use _CRT_SECURE_NO_WARNINGS. See online help for details.
                 G:\VS2012\VC\include\stdio.h(218) : 参见“fopen”的声明
     1>raytracer.cpp(303): warning C4101: “temp”: 未引用的局部变量
     1>g:\flipcode\flipcode\raytracer.cpp(254): warning C4715: “Raytracer::Engine::Raytrace”: 不是所有的控件路径都返回值
       Link:
         G:\VS2012\VC\bin\link.exe /ERRORREPORT:PROMPT /OUT:".\Release\raytracer.exe" /INCREMENTAL:NO /NOLOGO odbc32.lib odbccp32.lib kernel32.lib user32.lib gdi32.lib winspool.lib comdlg32.lib advapi32.lib shell32.lib ole32.lib oleaut32.lib uuid.lib odbc32.lib odbccp32.lib /MANIFEST /MANIFESTUAC:"level='asInvoker' uiAccess='false'" /manifest:embed /DEBUG /PDB:".\Release\raytracer.pdb" /SUBSYSTEM:WINDOWS /TLBID:1 /DYNAMICBASE /NXCOMPAT /IMPLIB:".\Release\raytracer.lib" /MACHINE:X86 /SAFESEH  /FIXED:NO .\Release\raytracer.obj
         .\Release\scene.obj
         .\Release\surface.obj
         .\Release\testapp.obj
         raytracer.vcxproj -> G:\flipcode\flipcode\.\Release\raytracer.exe
       BscMake:
         G:\VS2012\VC\bin\bscmake.exe /nologo /o".\Release\raytracer.bsc" .\Release\raytracer.sbr .\Release\scene.sbr .\Release\surface.sbr .\Release\testapp.sbr
     1>已完成生成项目“G:\flipcode\flipcode\raytracer.vcxproj”(Build 个目标)的操作。

生成成功。

已用时间 00:00:01.47
