G:\FLIPCODE\FLIPCODE\RELEASE\RAYTRACER.BSC
G:\FLIPCODE\FLIPCODE\RELEASE\RAYTRACER.SBR
G:\FLIPCODE\FLIPCODE\RELEASE\SCENE.SBR
G:\FLIPCODE\FLIPCODE\RELEASE\SURFACE.SBR
G:\FLIPCODE\FLIPCODE\RELEASE\TESTAPP.SBR
G:\FLIPCODE\FLIPCODE\RELEASE\TESTAPP.OBJ
G:\FLIPCODE\FLIPCODE\RELEASE\SURFACE.OBJ
G:\FLIPCODE\FLIPCODE\RELEASE\SCENE.OBJ
G:\FLIPCODE\FLIPCODE\RELEASE\RAYTRACER.OBJ
G:\FLIPCODE\FLIPCODE\RELEASE\VC110.PDB
G:\FLIPCODE\FLIPCODE\RELEASE\RAYTRACER.EXE
G:\flipcode\flipcode\Release\raytracer.obj
G:\flipcode\flipcode\Release\scene.obj
G:\flipcode\flipcode\Release\surface.obj
G:\flipcode\flipcode\Release\testapp.obj
G:\flipcode\flipcode\Release\BscMake.command.1.tlog
G:\flipcode\flipcode\Release\bscmake.read.1.tlog
G:\flipcode\flipcode\Release\bscmake.write.1.tlog
G:\flipcode\flipcode\Release\cl.command.1.tlog
G:\flipcode\flipcode\Release\CL.read.1.tlog
G:\flipcode\flipcode\Release\CL.write.1.tlog
G:\flipcode\flipcode\Release\link-cvtres.read.1.tlog
G:\flipcode\flipcode\Release\link-cvtres.write.1.tlog
G:\flipcode\flipcode\Release\link-rc.read.1.tlog
G:\flipcode\flipcode\Release\link-rc.write.1.tlog
G:\flipcode\flipcode\Release\link.command.1.tlog
G:\flipcode\flipcode\Release\link.read.1.tlog
G:\flipcode\flipcode\Release\link.write.1.tlog
G:\flipcode\flipcode\Release\vc110.pdb
G:\flipcode\flipcode\Release\raytracer.bsc
G:\flipcode\flipcode\Release\raytracer.sbr
G:\flipcode\flipcode\Release\scene.sbr
G:\flipcode\flipcode\Release\surface.sbr
G:\flipcode\flipcode\Release\testapp.sbr
G:\flipcode\flipcode\.\Release\raytracer.exe
