C:\USERS\ADMINISTRATOR\DOCUMENTS\VISUAL STUDIO 2012\PROJECTS\CONSOLEAPPLICATION3\CONSOLEAPPLICATION3\DEBUG\CONSOLEAPPLICATION3.PCH
C:\USERS\ADMINISTRATOR\DOCUMENTS\VISUAL STUDIO 2012\PROJECTS\CONSOLEAPPLICATION3\CONSOLEAPPLICATION3\DEBUG\STDAFX.OBJ
C:\USERS\ADMINISTRATOR\DOCUMENTS\VISUAL STUDIO 2012\PROJECTS\CONSOLEAPPLICATION3\CONSOLEAPPLICATION3\DEBUG\VC110.PDB
C:\USERS\ADMINISTRATOR\DOCUMENTS\VISUAL STUDIO 2012\PROJECTS\CONSOLEAPPLICATION3\CONSOLEAPPLICATION3\DEBUG\CONSOLEAPPLICATION3.OBJ
C:\USERS\ADMINISTRATOR\DOCUMENTS\VISUAL STUDIO 2012\PROJECTS\CONSOLEAPPLICATION3\DEBUG\CONSOLEAPPLICATION3.ILK
C:\USERS\ADMINISTRATOR\DOCUMENTS\VISUAL STUDIO 2012\PROJECTS\CONSOLEAPPLICATION3\DEBUG\CONSOLEAPPLICATION3.EXE
C:\USERS\ADMINISTRATOR\DOCUMENTS\VISUAL STUDIO 2012\PROJECTS\CONSOLEAPPLICATION3\DEBUG\CONSOLEAPPLICATION3.PDB
C:\Users\Administrator\Documents\visual studio 2012\Projects\ConsoleApplication3\ConsoleApplication3\Debug\ConsoleApplication3.obj
C:\Users\Administrator\Documents\visual studio 2012\Projects\ConsoleApplication3\ConsoleApplication3\Debug\stdafx.obj
C:\Users\Administrator\Documents\visual studio 2012\Projects\ConsoleApplication3\ConsoleApplication3\Debug\cl.command.1.tlog
C:\Users\Administrator\Documents\visual studio 2012\Projects\ConsoleApplication3\ConsoleApplication3\Debug\CL.read.1.tlog
C:\Users\Administrator\Documents\visual studio 2012\Projects\ConsoleApplication3\ConsoleApplication3\Debug\CL.write.1.tlog
C:\Users\Administrator\Documents\visual studio 2012\Projects\ConsoleApplication3\ConsoleApplication3\Debug\link-cvtres.read.1.tlog
C:\Users\Administrator\Documents\visual studio 2012\Projects\ConsoleApplication3\ConsoleApplication3\Debug\link-cvtres.write.1.tlog
C:\Users\Administrator\Documents\visual studio 2012\Projects\ConsoleApplication3\ConsoleApplication3\Debug\link-rc.read.1.tlog
C:\Users\Administrator\Documents\visual studio 2012\Projects\ConsoleApplication3\ConsoleApplication3\Debug\link-rc.write.1.tlog
C:\Users\Administrator\Documents\visual studio 2012\Projects\ConsoleApplication3\ConsoleApplication3\Debug\link.command.1.tlog
C:\Users\Administrator\Documents\visual studio 2012\Projects\ConsoleApplication3\ConsoleApplication3\Debug\link.read.1.tlog
C:\Users\Administrator\Documents\visual studio 2012\Projects\ConsoleApplication3\ConsoleApplication3\Debug\link.write.1.tlog
C:\Users\Administrator\Documents\visual studio 2012\Projects\ConsoleApplication3\ConsoleApplication3\Debug\ConsoleApplication3.pch
C:\Users\Administrator\Documents\visual studio 2012\Projects\ConsoleApplication3\ConsoleApplication3\Debug\vc110.idb
C:\Users\Administrator\Documents\visual studio 2012\Projects\ConsoleApplication3\ConsoleApplication3\Debug\vc110.pdb
C:\Users\Administrator\Documents\Visual Studio 2012\Projects\ConsoleApplication3\Debug\ConsoleApplication3.pdb
C:\Users\Administrator\Documents\Visual Studio 2012\Projects\ConsoleApplication3\Debug\ConsoleApplication3.exe
C:\Users\Administrator\Documents\Visual Studio 2012\Projects\ConsoleApplication3\Debug\ConsoleApplication3.ilk
