.\Debug\raytracer.ilk
.\Debug\raytracer.pdb
C:\Users\ZhangPengfei\Desktop\KDtree\raytracing\.\Debug\raytracer.exe
C:\Users\ZhangPengfei\Desktop\KDtree\raytracing\.\Debug\raytracer.exe.intermediate.manifest
C:\Users\ZhangPengfei\Desktop\KDtree\raytracing\.\Debug\raytracer.exe.manifest
C:\Users\ZhangPengfei\Desktop\KDtree\raytracing\Debug\cl.command.1.tlog
C:\Users\ZhangPengfei\Desktop\KDtree\raytracing\Debug\CL.read.1.tlog
C:\Users\ZhangPengfei\Desktop\KDtree\raytracing\Debug\CL.write.1.tlog
C:\Users\ZhangPengfei\Desktop\KDtree\raytracing\Debug\link.command.1.tlog
C:\Users\ZhangPengfei\Desktop\KDtree\raytracing\Debug\link.read.1.tlog
C:\Users\ZhangPengfei\Desktop\KDtree\raytracing\Debug\link.write.1.tlog
C:\Users\ZhangPengfei\Desktop\KDtree\raytracing\Debug\mt.command.1.tlog
C:\Users\ZhangPengfei\Desktop\KDtree\raytracing\Debug\mt.read.1.tlog
C:\Users\ZhangPengfei\Desktop\KDtree\raytracing\Debug\mt.write.1.tlog
C:\USERS\ZHANGPENGFEI\DESKTOP\KDTREE\RAYTRACING\DEBUG\RAYTRACER.EXE
C:\USERS\ZHANGPENGFEI\DESKTOP\KDTREE\RAYTRACING\DEBUG\RAYTRACER.EXE.INTERMEDIATE.MANIFEST
C:\USERS\ZHANGPENGFEI\DESKTOP\KDTREE\RAYTRACING\DEBUG\RAYTRACER.EXE.MANIFEST
C:\USERS\ZHANGPENGFEI\DESKTOP\KDTREE\RAYTRACING\DEBUG\RAYTRACER.ILK
C:\USERS\ZHANGPENGFEI\DESKTOP\KDTREE\RAYTRACING\DEBUG\RAYTRACER.OBJ
C:\USERS\ZHANGPENGFEI\DESKTOP\KDTREE\RAYTRACING\DEBUG\RAYTRACER.PDB
C:\Users\ZhangPengfei\Desktop\KDtree\raytracing\Debug\raytracer.write.1.tlog
C:\USERS\ZHANGPENGFEI\DESKTOP\KDTREE\RAYTRACING\DEBUG\SCENE.OBJ
C:\USERS\ZHANGPENGFEI\DESKTOP\KDTREE\RAYTRACING\DEBUG\SURFACE.OBJ
C:\USERS\ZHANGPENGFEI\DESKTOP\KDTREE\RAYTRACING\DEBUG\TESTAPP.OBJ
C:\Users\ZhangPengfei\Desktop\KDtree\raytracing\Debug\vc100.idb
C:\USERS\ZHANGPENGFEI\DESKTOP\KDTREE\RAYTRACING\DEBUG\VC100.PDB
